<?xml version="1.0" encoding="UTF-8"?>
<testng-results ignored="0" total="1" passed="1" failed="0" skipped="0">
  <reporter-output>
  </reporter-output>
  <suite started-at="2025-12-16T23:59:11 IST" name="Default suite" finished-at="2025-12-16T23:59:13 IST" duration-ms="2447">
    <groups>
      <group name="cucumber">
        <method signature="AbstractTestNGCucumberTests.runScenario(io.cucumber.testng.PickleWrapper,io.cucumber.testng.FeatureWrapper)[pri:0, instance:runner.RunCukes@707194ba]" name="runScenario" class="io.cucumber.testng.AbstractTestNGCucumberTests"/>
      </group> <!-- cucumber -->
    </groups>
    <test started-at="2025-12-16T23:59:11 IST" name="Default test" finished-at="2025-12-16T23:59:13 IST" duration-ms="2447">
      <class name="runner.RunCukes">
        <test-method is-config="true" signature="setUpClass(org.testng.ITestContext)[pri:0, instance:runner.RunCukes@707194ba]" started-at="2025-12-16T23:59:11 IST" name="setUpClass" finished-at="2025-12-16T23:59:12 IST" duration-ms="1388" status="PASS">
          <params>
            <param index="0">
              <value>
                <![CDATA[org.testng.TestRunner@255eaa6b]]>
              </value>
            </param>
          </params>
          <reporter-output>
          </reporter-output>
        </test-method> <!-- setUpClass -->
        <test-method signature="runScenario(io.cucumber.testng.PickleWrapper,io.cucumber.testng.FeatureWrapper)[pri:0, instance:runner.RunCukes@707194ba]" started-at="2025-12-16T23:59:12 IST" name="runScenario" description="Runs Cucumber Scenarios" data-provider="scenarios" finished-at="2025-12-16T23:59:13 IST" duration-ms="374" status="PASS">
          <params>
            <param index="0">
              <value>
                <![CDATA["Login to facebook website with as valid user in datatable"]]>
              </value>
            </param>
            <param index="1">
              <value>
                <![CDATA["Login feature - data table"]]>
              </value>
            </param>
          </params>
          <reporter-output>
          </reporter-output>
        </test-method> <!-- runScenario -->
        <test-method is-config="true" signature="tearDownClass()[pri:0, instance:runner.RunCukes@707194ba]" started-at="2025-12-16T23:59:13 IST" name="tearDownClass" finished-at="2025-12-16T23:59:13 IST" duration-ms="610" status="PASS">
          <reporter-output>
          </reporter-output>
        </test-method> <!-- tearDownClass -->
      </class> <!-- runner.RunCukes -->
    </test> <!-- Default test -->
  </suite> <!-- Default suite -->
</testng-results>
