<?xml version="1.0" encoding="UTF-8"?>
<!-- Generated by org.testng.reporters.JUnitReportReporter -->
<testsuite hostname="Sayan" failures="0" tests="4" name="runner.RunCukes" time="0.374" errors="0" timestamp="2025-12-12T22:44:22 IST" skipped="0">
  <testcase classname="runner.RunCukes" name="runScenario" time="0.017"/>
  <testcase classname="runner.RunCukes" name="runScenario" time="0.016"/>
  <testcase classname="runner.RunCukes" name="runScenario" time="0.320"/>
  <testcase classname="runner.RunCukes" name="runScenario" time="0.021"/>
</testsuite> <!-- runner.RunCukes -->
